{"numTotalTestSuites":237,"numPassedTestSuites":237,"numFailedTestSuites":0,"numPendingTestSuites":0,"numTotalTests":967,"numPassedTests":966,"numFailedTests":0,"numPendingTests":0,"numTodoTests":1,"snapshot":{"added":0,"failure":false,"filesAdded":0,"filesRemoved":0,"filesRemovedList":[],"filesUnmatched":0,"filesUpdated":0,"matched":0,"total":0,"unchecked":0,"uncheckedKeysByFile":[],"unmatched":0,"updated":0,"didUpdate":false},"startTime":1789376054439,"success":true,"testResults":[{"assertionResults":[{"ancestorTitles":["build configuration shape"],"fullName":"build configuration shape has no svelte.config file to shadow the Vite config","status":"passed","title":"has no svelte.config file to shadow the Vite config","duration":1.4524999999999864,"failureMessages":[],"meta":{},"tags":[]},{"ancestorTitles":["build configuration shape"],"fullName":"build configuration shape passes Kit options flat, not wrapped in a Kit object","status":"passed","title":"passes Kit options flat, not wrapped in a Kit object","duration":1.2077000000000169,"failureMessages":[],"meta":{},"tags":[]},{"ancestorTitles":["build configuration shape"],"fullName":"build configuration shape excludes grid-protocol from dependency pre-bundling","status":"passed","title":"excludes grid-protocol from dependency pre-bundling","duration":0.8050000000000068,"failureMessages":[],"meta":{},"tags":[]},{"ancestorTitles":["build configuration shape"],"fullName":"build configuration shape keeps Prettier at grid-editor parity","status":"passed","title":"keeps Prettier at grid-editor parity","duration":2.359800000000007,"failureMessages":[],"meta":{},"tags":[]},{"ancestorTitles":["build configuration shape"],"fullName":"build configuration shape runs the vendored BOTOR suites instead of quarantining them out of the run","status":"passed","title":"runs the vendored BOTOR suites instead of quarantining them out of the run","duration":0.893100000000004,"failureMessages":[],"meta":{},"tags":[]},{"ancestorTitles":["build configuration shape"],"fullName":"build configuration shape runs the invariant sweep as its own Vitest project","status":"passed","title":"runs the invariant sweep as its own Vitest project","duration":1.2673000000000059,"failureMessages":[],"meta":{},"tags":[]},{"ancestorTitles":["build configuration shape"],"fullName":"build configuration shape keeps the vendored tree out of svelte-check","status":"passed","title":"keeps the vendored tree out of svelte-check","duration":0.48400000000000887,"failureMessages":[],"meta":{},"tags":[]},{"ancestorTitles":["build configuration shape"],"fullName":"build configuration shape exposes the quick and sweep test scripts","status":"passed","title":"exposes the quick and sweep test scripts","duration":0.311300000000017,"failureMessages":[],"meta":{},"tags":[]},{"ancestorTitles":["build configuration shape"],"fullName":"build configuration shape pins the vendored tree out of end-of-line normalisation","status":"passed","title":"pins the vendored tree out of end-of-line normalisation","duration":0.9990999999999985,"failureMessages":[],"meta":{},"tags":[]},{"ancestorTitles":["build configuration shape"],"fullName":"build configuration shape the walking skeleton page imports nothing outside the protocol and transport surfaces","status":"passed","title":"the walking skeleton page imports nothing outside the protocol and transport surfaces","duration":0.5567000000000064,"failureMessages":[],"meta":{},"tags":[]},{"ancestorTitles":["build configuration shape"],"fullName":"build configuration shape the walking skeleton page never reaches the compile surface or the vendored tree","status":"passed","title":"the walking skeleton page never reaches the compile surface or the vendored tree","duration":0.3008000000000095,"failureMessages":[],"meta":{},"tags":[]},{"ancestorTitles":["build configuration shape"],"fullName":"build configuration shape every probe route under /dev/ is linked from nowhere","status":"passed","title":"every probe route under /dev/ is linked from nowhere","duration":6.368000000000023,"failureMessages":[],"meta":{},"tags":[]},{"ancestorTitles":["build configuration shape"],"fullName":"build configuration shape the front door never reaches the compiler at module scope","status":"passed","title":"the front door never reaches the compiler at module scope","duration":49.80539999999999,"failureMessages":[],"meta":{},"tags":[]},{"ancestorTitles":["build configuration shape"],"fullName":"build configuration shape the built front door does not preload the protocol chunk","status":"passed","title":"the built front door does not preload the protocol chunk","duration":23.84530000000001,"failureMessages":[],"meta":{},"tags":[]}],"startTime":1789376089779,"endTime":1789376089869.8452,"status":"passed","message":"","name":"C:/Users/sabot/Documents/Claude/hangar/src/lib/config-shape.spec.ts"},{"assertionResults":[{"ancestorTitles":["formatting parity with grid-editor (D-15)"],"fullName":"formatting parity with grid-editor (D-15) can see the BOTOR checkout","status":"passed","title":"can see the BOTOR checkout","duration":2.139699999999948,"failureMessages":[],"meta":{},"tags":[]},{"ancestorTitles":["formatting parity with grid-editor (D-15)"],"fullName":"formatting parity with grid-editor (D-15) _pad.ts formats identically under HANGAR's and BOTOR's Prettier","status":"passed","title":"_pad.ts formats identically under HANGAR's and BOTOR's Prettier","duration":1516.3861,"failureMessages":[],"meta":{},"tags":[]},{"ancestorTitles":["formatting parity with grid-editor (D-15)"],"fullName":"formatting parity with grid-editor (D-15) pad-sim-host.ts formats identically under HANGAR's and BOTOR's Prettier","status":"passed","title":"pad-sim-host.ts formats identically under HANGAR's and BOTOR's Prettier","duration":803.4435000000001,"failureMessages":[],"meta":{},"tags":[]}],"startTime":1789376078145,"endTime":1789376080467.4436,"status":"passed","message":"","name":"C:/Users/sabot/Documents/Claude/hangar/src/lib/format-parity.spec.ts"},{"assertionResults":[{"ancestorTitles":["licence and notices (FOUND-04)"],"fullName":"licence and notices (FOUND-04) ships the verbatim GPLv3 text with the project copyright notice","status":"passed","title":"ships the verbatim GPLv3 text with the project copyright notice","duration":2.8096000000000174,"failureMessages":[],"meta":{},"tags":[]},{"ancestorTitles":["licence and notices (FOUND-04)"],"fullName":"licence and notices (FOUND-04) names grid-protocol as GPLv3 — the package with no licence field","status":"passed","title":"names grid-protocol as GPLv3 — the package with no licence field","duration":0.25380000000001246,"failureMessages":[],"meta":{},"tags":[]},{"ancestorTitles":["licence and notices (FOUND-04)"],"fullName":"licence and notices (FOUND-04) names the lua formatter and its StyLua provenance","status":"passed","title":"names the lua formatter and its StyLua provenance","duration":0.2196999999999889,"failureMessages":[],"meta":{},"tags":[]},{"ancestorTitles":["licence and notices (FOUND-04)"],"fullName":"licence and notices (FOUND-04) is not stale: every production dependency appears in the notices","status":"passed","title":"is not stale: every production dependency appears in the notices","duration":3.796800000000019,"failureMessages":[],"meta":{},"tags":[]},{"ancestorTitles":["licence and notices (FOUND-04)"],"fullName":"licence and notices (FOUND-04) materialises the full licence texts","status":"passed","title":"materialises the full licence texts","duration":0.477800000000002,"failureMessages":[],"meta":{},"tags":[]},{"ancestorTitles":["licence and notices (FOUND-04)"],"fullName":"licence and notices (FOUND-04) keeps internal planning material out of the source archive","status":"passed","title":"keeps internal planning material out of the source archive","duration":0.8722999999999956,"failureMessages":[],"meta":{},"tags":[]},{"ancestorTitles":["licence and notices (FOUND-04)"],"fullName":"licence and notices (FOUND-04) carries the licence artefacts into build/ when a build is present","status":"passed","title":"carries the licence artefacts into build/ when a build is present","duration":0.47989999999998645,"failureMessages":[],"meta":{},"tags":[]}],"startTime":1789376097078,"endTime":1789376097087.48,"status":"passed","message":"","name":"C:/Users/sabot/Documents/Claude/hangar/src/lib/licence-notices.spec.ts"},{"assertionResults":[{"ancestorTitles":["grid-protocol pin"],"fullName":"grid-protocol pin is declared in package.json with no range operator","status":"passed","title":"is declared in package.json with no range operator","duration":1.3571000000000026,"failureMessages":[],"meta":{},"tags":[]},{"ancestorTitles":["grid-protocol pin"],"fullName":"grid-protocol pin declares exactly the pinned version","status":"passed","title":"declares exactly the pinned version","duration":0.29589999999998895,"failureMessages":[],"meta":{},"tags":[]},{"ancestorTitles":["grid-protocol pin"],"fullName":"grid-protocol pin is installed at exactly the pinned version","status":"passed","title":"is installed at exactly the pinned version","duration":0.1782000000000039,"failureMessages":[],"meta":{},"tags":[]},{"ancestorTitles":["grid-protocol pin"],"fullName":"grid-protocol pin pins the version BOTOR measured its cost baseline against","status":"passed","title":"pins the version BOTOR measured its cost baseline against","duration":0.11920000000000641,"failureMessages":[],"meta":{},"tags":[]},{"ancestorTitles":["grid-protocol pin"],"fullName":"grid-protocol pin every catalog preset compressScript cost is byte-identical to the recorded baseline","status":"passed","title":"every catalog preset compressScript cost is byte-identical to the recorded baseline","duration":61.30080000000001,"failureMessages":[],"meta":{},"tags":[]}],"startTime":1789376091434,"endTime":1789376091497.3008,"status":"passed","message":"","name":"C:/Users/sabot/Documents/Claude/hangar/src/lib/protocol-pin.spec.ts"},{"assertionResults":[{"ancestorTitles":["docs/SKELETON-RESULTS.md (FOUND-01 criterion 5)"],"fullName":"docs/SKELETON-RESULTS.md (FOUND-01 criterion 5) the results document answers all six questions under their own headings","status":"passed","title":"the results document answers all six questions under their own headings","duration":2.3985000000000127,"failureMessages":[],"meta":{},"tags":[]},{"ancestorTitles":["docs/SKELETON-RESULTS.md (FOUND-01 criterion 5)"],"fullName":"docs/SKELETON-RESULTS.md (FOUND-01 criterion 5) no answer is left as TBD","status":"passed","title":"no answer is left as TBD","duration":0.29230000000001155,"failureMessages":[],"meta":{},"tags":[]},{"ancestorTitles":["docs/SKELETON-RESULTS.md (FOUND-01 criterion 5)"],"fullName":"docs/SKELETON-RESULTS.md (FOUND-01 criterion 5) every answer cites its evidence","status":"passed","title":"every answer cites its evidence","duration":2.028500000000008,"failureMessages":[],"meta":{},"tags":[]},{"ancestorTitles":["docs/SKELETON-RESULTS.md (FOUND-01 criterion 5)"],"fullName":"docs/SKELETON-RESULTS.md (FOUND-01 criterion 5) every cited fixture exists on disk","status":"passed","title":"every cited fixture exists on disk","duration":0.7687999999999988,"failureMessages":[],"meta":{},"tags":[]},{"ancestorTitles":["docs/SKELETON-RESULTS.md (FOUND-01 criterion 5)"],"fullName":"docs/SKELETON-RESULTS.md (FOUND-01 criterion 5) the measured latencies and the shipped timeouts are both stated","status":"passed","title":"the measured latencies and the shipped timeouts are both stated","duration":0.3626999999999896,"failureMessages":[],"meta":{},"tags":[]},{"ancestorTitles":["docs/SKELETON-RESULTS.md (FOUND-01 criterion 5)"],"fullName":"docs/SKELETON-RESULTS.md (FOUND-01 criterion 5) the store caveat and the page-change restore rule are both recorded","status":"passed","title":"the store caveat and the page-change restore rule are both recorded","duration":0.563999999999993,"failureMessages":[],"meta":{},"tags":[]},{"ancestorTitles":["docs/SKELETON-RESULTS.md (FOUND-01 criterion 5)"],"fullName":"docs/SKELETON-RESULTS.md (FOUND-01 criterion 5) the shipped timeouts are the ones the results document recorded","status":"passed","title":"the shipped timeouts are the ones the results document recorded","duration":0.6805999999999983,"failureMessages":[],"meta":{},"tags":[]}],"startTime":1789376097217,"endTime":1789376097223.6807,"status":"passed","message":"","name":"C:/Users/sabot/Documents/Claude/hangar/src/lib/skeleton-results.spec.ts"},{"assertionResults":[{"ancestorTitles":["the browse facets (src/lib/browse/facets.ts)"],"fullName":"the browse facets (src/lib/browse/facets.ts) declares a closed vocabulary of thirteen in two facets","status":"passed","title":"declares a closed vocabulary of thirteen in two facets","duration":4.176799999999986,"failureMessages":[],"meta":{},"tags":[]},{"ancestorTitles":["the browse facets (src/lib/browse/facets.ts)"],"fullName":"the browse facets (src/lib/browse/facets.ts) gives every entry exactly three terms, one FOR and two FEELS, and leaves no term unused","status":"passed","title":"gives every entry exactly three terms, one FOR and two FEELS, and leaves no term unused","duration":4.63900000000001,"failureMessages":[],"meta":{},"tags":[]},{"ancestorTitles":["the browse facets (src/lib/browse/facets.ts)"],"fullName":"the browse facets (src/lib/browse/facets.ts) keeps both health rules: no FOR term below two, no FEELS term outside six to eighteen","status":"passed","title":"keeps both health rules: no FOR term below two, no FEELS term outside six to eighteen","duration":0.9267999999999859,"failureMessages":[],"meta":{},"tags":[]},{"ancestorTitles":["the browse facets (src/lib/browse/facets.ts)"],"fullName":"the browse facets (src/lib/browse/facets.ts) imports nothing at all, and bounds the legacy ?tag= table","status":"passed","title":"imports nothing at all, and bounds the legacy ?tag= table","duration":3.1430000000000007,"failureMessages":[],"meta":{},"tags":[]}],"startTime":1789376095959,"endTime":1789376095971.143,"status":"passed","message":"","name":"C:/Users/sabot/Documents/Claude/hangar/src/lib/browse/facets.spec.ts"},{"assertionResults":[{"ancestorTitles":["the browse filter (src/lib/browse/filter.ts)"],"fullName":"the browse filter (src/lib/browse/filter.ts) folds case and diacritics, and does it locale-independently","status":"passed","title":"folds case and diacritics, and does it locale-independently","duration":2.7852000000000032,"failureMessages":[],"meta":{},"tags":[]},{"ancestorTitles":["the browse filter (src/lib/browse/filter.ts)"],"fullName":"the browse filter (src/lib/browse/filter.ts) searches the name, the description and the tags, and requires every term","status":"passed","title":"searches the name, the description and the tags, and requires every term","duration":1.948299999999989,"failureMessages":[],"meta":{},"tags":[]},{"ancestorTitles":["the browse filter (src/lib/browse/filter.ts)"],"fullName":"the browse filter (src/lib/browse/filter.ts) has no power syntax: a typed $tag: is four literal characters","status":"passed","title":"has no power syntax: a typed $tag: is four literal characters","duration":0.593199999999996,"failureMessages":[],"meta":{},"tags":[]},{"ancestorTitles":["the browse filter (src/lib/browse/filter.ts)"],"fullName":"the browse filter (src/lib/browse/filter.ts) ORs within a facet and ANDs across them, and an unknown term returns nothing","status":"passed","title":"ORs within a facet and ANDs across them, and an unknown term returns nothing","duration":1.6647000000000105,"failureMessages":[],"meta":{},"tags":[]},{"ancestorTitles":["the browse filter (src/lib/browse/filter.ts)"],"fullName":"the browse filter (src/lib/browse/filter.ts) stands thirteen chips, and every one of them is carried by two or more entries","status":"passed","title":"stands thirteen chips, and every one of them is carried by two or more entries","duration":1.545500000000004,"failureMessages":[],"meta":{},"tags":[]},{"ancestorTitles":["the browse filter (src/lib/browse/filter.ts)"],"fullName":"the browse filter (src/lib/browse/filter.ts) disables a chip that would return nothing given the OTHER facet, and disables none when nothing is active","status":"passed","title":"disables a chip that would return nothing given the OTHER facet, and disables none when nothing is active","duration":1.2781999999999982,"failureMessages":[],"meta":{},"tags":[]}],"startTime":1789376096238,"endTime":1789376096248.2783,"status":"passed","message":"","name":"C:/Users/sabot/Documents/Claude/hangar/src/lib/browse/filter.spec.ts"},{"assertionResults":[{"ancestorTitles":["the browse grid arithmetic (src/lib/browse/grid.ts)"],"fullName":"the browse grid arithmetic (src/lib/browse/grid.ts) columnsForWidth is the approved ladder, at every boundary and one either side","status":"passed","title":"columnsForWidth is the approved ladder, at every boundary and one either side","duration":1.5808000000000106,"failureMessages":[],"meta":{},"tags":[]},{"ancestorTitles":["the browse grid arithmetic (src/lib/browse/grid.ts)"],"fullName":"the browse grid arithmetic (src/lib/browse/grid.ts) ArrowRight and ArrowLeft move by one and clamp at both ends","status":"passed","title":"ArrowRight and ArrowLeft move by one and clamp at both ends","duration":0.2686000000000206,"failureMessages":[],"meta":{},"tags":[]},{"ancestorTitles":["the browse grid arithmetic (src/lib/browse/grid.ts)"],"fullName":"the browse grid arithmetic (src/lib/browse/grid.ts) ArrowDown and ArrowUp move by the column count and clamp at both ends","status":"passed","title":"ArrowDown and ArrowUp move by the column count and clamp at both ends","duration":0.25669999999999504,"failureMessages":[],"meta":{},"tags":[]},{"ancestorTitles":["the browse grid arithmetic (src/lib/browse/grid.ts)"],"fullName":"the browse grid arithmetic (src/lib/browse/grid.ts) Home is the first card, End is the last, and any other key is not ours","status":"passed","title":"Home is the first card, End is the last, and any other key is not ours","duration":0.2834000000000003,"failureMessages":[],"meta":{},"tags":[]},{"ancestorTitles":["the browse grid arithmetic (src/lib/browse/grid.ts)"],"fullName":"the browse grid arithmetic (src/lib/browse/grid.ts) an empty grid answers nothing, and a grid of one answers zero","status":"passed","title":"an empty grid answers nothing, and a grid of one answers zero","duration":0.25960000000000605,"failureMessages":[],"meta":{},"tags":[]},{"ancestorTitles":["the browse grid arithmetic (src/lib/browse/grid.ts)"],"fullName":"the browse grid arithmetic (src/lib/browse/grid.ts) columnsFromTemplate reads a rendered template and clamps an unrendered one to one","status":"passed","title":"columnsFromTemplate reads a rendered template and clamps an unrendered one to one","duration":0.24529999999998608,"failureMessages":[],"meta":{},"tags":[]}],"startTime":1789376099188,"endTime":1789376099190.2834,"status":"passed","message":"","name":"C:/Users/sabot/Documents/Claude/hangar/src/lib/browse/grid.spec.ts"},{"assertionResults":[{"ancestorTitles":["the browse query string (src/lib/browse/query.ts)"],"fullName":"the browse query string (src/lib/browse/query.ts) serialises the default query to nothing at all, so /playground/ is the canonical address","status":"passed","title":"serialises the default query to nothing at all, so /playground/ is the canonical address","duration":2.2516999999999996,"failureMessages":[],"meta":{},"tags":[]},{"ancestorTitles":["the browse query string (src/lib/browse/query.ts)"],"fullName":"the browse query string (src/lib/browse/query.ts) round-trips every state through the address unchanged","status":"passed","title":"round-trips every state through the address unchanged","duration":1.1236000000000104,"failureMessages":[],"meta":{},"tags":[]},{"ancestorTitles":["the browse query string (src/lib/browse/query.ts)"],"fullName":"the browse query string (src/lib/browse/query.ts) falls back on a retired sort, migrates a legacy tag, and trims the query","status":"passed","title":"falls back on a retired sort, migrates a legacy tag, and trims the query","duration":0.8687000000000182,"failureMessages":[],"meta":{},"tags":[]},{"ancestorTitles":["the browse query string (src/lib/browse/query.ts)"],"fullName":"the browse query string (src/lib/browse/query.ts) encodes a space and a diacritic, and repeats each parameter once per active chip in activation order","status":"passed","title":"encodes a space and a diacritic, and repeats each parameter once per active chip in activation order","duration":0.509600000000006,"failureMessages":[],"meta":{},"tags":[]},{"ancestorTitles":["the browse query string (src/lib/browse/query.ts)"],"fullName":"the browse query string (src/lib/browse/query.ts) imports nothing but ./sort, and names no catalog, no $app and no vendor in code","status":"passed","title":"imports nothing but ./sort, and names no catalog, no $app and no vendor in code","duration":1.0792000000000144,"failureMessages":[],"meta":{},"tags":[]}],"startTime":1789376097993,"endTime":1789376097999.079,"status":"passed","message":"","name":"C:/Users/sabot/Documents/Claude/hangar/src/lib/browse/query.spec.ts"},{"assertionResults":[{"ancestorTitles":["the browse return record (src/lib/browse/return.ts)"],"fullName":"the browse return record (src/lib/browse/return.ts) writes a record that reads back identical","status":"passed","title":"writes a record that reads back identical","duration":2.056699999999978,"failureMessages":[],"meta":{},"tags":[]},{"ancestorTitles":["the browse return record (src/lib/browse/return.ts)"],"fullName":"the browse return record (src/lib/browse/return.ts) degrades to undefined on anything malformed, and never throws","status":"passed","title":"degrades to undefined on anything malformed, and never throws","duration":1.9560999999999922,"failureMessages":[],"meta":{},"tags":[]},{"ancestorTitles":["the browse return record (src/lib/browse/return.ts)"],"fullName":"the browse return record (src/lib/browse/return.ts) clears the record, and a read after a clear offers no way back","status":"passed","title":"clears the record, and a read after a clear offers no way back","duration":0.305499999999995,"failureMessages":[],"meta":{},"tags":[]},{"ancestorTitles":["the browse return record (src/lib/browse/return.ts)"],"fullName":"the browse return record (src/lib/browse/return.ts) is a no-op with no store at all, and never names sessionStorage in code","status":"passed","title":"is a no-op with no store at all, and never names sessionStorage in code","duration":0.811000000000007,"failureMessages":[],"meta":{},"tags":[]}],"startTime":1789376098214,"endTime":1789376098219.811,"status":"passed","message":"","name":"C:/Users/sabot/Documents/Claude/hangar/src/lib/browse/return.spec.ts"},{"assertionResults":[{"ancestorTitles":["the browse sort orders (src/lib/browse/sort.ts)"],"fullName":"the browse sort orders (src/lib/browse/sort.ts) the two orders are stable and total over the catalog","status":"passed","title":"the two orders are stable and total over the catalog","duration":19.63810000000001,"failureMessages":[],"meta":{},"tags":[]},{"ancestorTitles":["the browse sort orders (src/lib/browse/sort.ts)"],"fullName":"the browse sort orders (src/lib/browse/sort.ts) FEATURED puts the featured first and then sorts by name, exactly as the catalog does","status":"passed","title":"FEATURED puts the featured first and then sorts by name, exactly as the catalog does","duration":0.8357000000000028,"failureMessages":[],"meta":{},"tags":[]},{"ancestorTitles":["the browse sort orders (src/lib/browse/sort.ts)"],"fullName":"the browse sort orders (src/lib/browse/sort.ts) NAME agrees with the catalog's own name order","status":"passed","title":"NAME agrees with the catalog's own name order","duration":0.509600000000006,"failureMessages":[],"meta":{},"tags":[]},{"ancestorTitles":["the browse sort orders (src/lib/browse/sort.ts)"],"fullName":"the browse sort orders (src/lib/browse/sort.ts) the name comparison is by code point, not by locale","status":"passed","title":"the name comparison is by code point, not by locale","duration":0.8879000000000019,"failureMessages":[],"meta":{},"tags":[]},{"ancestorTitles":["the browse sort orders (src/lib/browse/sort.ts)"],"fullName":"the browse sort orders (src/lib/browse/sort.ts) sorting never reorders its input in place","status":"passed","title":"sorting never reorders its input in place","duration":0.5328999999999837,"failureMessages":[],"meta":{},"tags":[]}],"startTime":1789376094828,"endTime":1789376094850.533,"status":"passed","message":"","name":"C:/Users/sabot/Documents/Claude/hangar/src/lib/browse/sort.spec.ts"},{"assertionResults":[{"ancestorTitles":["the display apostrophe (src/lib/browse/typographic.ts)"],"fullName":"the display apostrophe (src/lib/browse/typographic.ts) curls Ghost's finger's, and changes nothing else in the sentence","status":"passed","title":"curls Ghost's finger's, and changes nothing else in the sentence","duration":2.310399999999987,"failureMessages":[],"meta":{},"tags":[]},{"ancestorTitles":["the display apostrophe (src/lib/browse/typographic.ts)"],"fullName":"the display apostrophe (src/lib/browse/typographic.ts) curls Morph's corner's, and changes nothing else in the sentence","status":"passed","title":"curls Morph's corner's, and changes nothing else in the sentence","duration":0.35190000000000055,"failureMessages":[],"meta":{},"tags":[]},{"ancestorTitles":["the display apostrophe (src/lib/browse/typographic.ts)"],"fullName":"the display apostrophe (src/lib/browse/typographic.ts) curls Radar's vendored sentence, which is read from the shipped catalog","status":"passed","title":"curls Radar's vendored sentence, which is read from the shipped catalog","duration":0.2774000000000001,"failureMessages":[],"meta":{},"tags":[]},{"ancestorTitles":["the display apostrophe (src/lib/browse/typographic.ts)"],"fullName":"the display apostrophe (src/lib/browse/typographic.ts) leaves everything else exactly as it was","status":"passed","title":"leaves everything else exactly as it was","duration":0.6096000000000004,"failureMessages":[],"meta":{},"tags":[]}],"startTime":1789376098845,"endTime":1789376098848.6096,"status":"passed","message":"","name":"C:/Users/sabot/Documents/Claude/hangar/src/lib/browse/typographic.spec.ts"},{"assertionResults":[{"ancestorTitles":["docs/HARDWARE-AUDITION.md (D-16, the hardware audition)"],"fullName":"docs/HARDWARE-AUDITION.md (D-16, the hardware audition) keeps twenty-eight numbered rows, each with a reason it cannot be simulated","status":"passed","title":"keeps twenty-eight numbered rows, each with a reason it cannot be simulated","duration":2.848099999999988,"failureMessages":[],"meta":{},"tags":[]},{"ancestorTitles":["docs/HARDWARE-AUDITION.md (D-16, the hardware audition)"],"fullName":"docs/HARDWARE-AUDITION.md (D-16, the hardware audition) names only real configurations, and Mirror only as an optional row","status":"passed","title":"names only real configurations, and Mirror only as an optional row","duration":1.429399999999987,"failureMessages":[],"meta":{},"tags":[]},{"ancestorTitles":["docs/HARDWARE-AUDITION.md (D-16, the hardware audition)"],"fullName":"docs/HARDWARE-AUDITION.md (D-16, the hardware audition) auditions every shipped hand-authored configuration","status":"passed","title":"auditions every shipped hand-authored configuration","duration":0.9102000000000032,"failureMessages":[],"meta":{},"tags":[]},{"ancestorTitles":["docs/HARDWARE-AUDITION.md (D-16, the hardware audition)"],"fullName":"docs/HARDWARE-AUDITION.md (D-16, the hardware audition) keeps the install-order rule, its reason and Morph's exemption","status":"passed","title":"keeps the install-order rule, its reason and Morph's exemption","duration":0.6888000000000147,"failureMessages":[],"meta":{},"tags":[]}],"startTime":1789376097784,"endTime":1789376097789.6887,"status":"passed","message":"","name":"C:/Users/sabot/Documents/Claude/hangar/src/lib/catalog/audition.spec.ts"},{"assertionResults":[{"ancestorTitles":["src/lib/catalog/calibration.ts (12.1-01, the measured map)"],"fullName":"src/lib/catalog/calibration.ts (12.1-01, the measured map) holds nine strictly increasing knots per axis inside 0..127, measured once, with the discarded target and the corner source of KY[0] named","status":"passed","title":"holds nine strictly increasing knots per axis inside 0..127, measured once, with the discarded target and the corner source of KY[0] named","duration":2.6550000000000296,"failureMessages":[],"meta":{},"tags":[]},{"ancestorTitles":["src/lib/catalog/calibration.ts (12.1-01, the measured map)"],"fullName":"src/lib/catalog/calibration.ts (12.1-01, the measured map) renders the one literal library.ts puts on the wire, with no space in it","status":"passed","title":"renders the one literal library.ts puts on the wire, with no space in it","duration":0.7377999999999929,"failureMessages":[],"meta":{},"tags":[]},{"ancestorTitles":["src/lib/catalog/calibration.ts (12.1-01, the measured map)"],"fullName":"src/lib/catalog/calibration.ts (12.1-01, the measured map) maps LED coordinates forward to the sensor: knots at the LEDs, floored midpoints between, saturation outside, x8 at hi-res, monotone throughout","status":"passed","title":"maps LED coordinates forward to the sensor: knots at the LEDs, floored midpoints between, saturation outside, x8 at hi-res, monotone throughout","duration":71.26920000000001,"failureMessages":[],"meta":{},"tags":[]},{"ancestorTitles":["src/lib/catalog/calibration.ts (12.1-01, the measured map)"],"fullName":"src/lib/catalog/calibration.ts (12.1-01, the measured map) is the Lua U in TypeScript: knots to n*64, 0 to 0, 127 to 512, integer and monotone over 0..127, the half-pitch at a knot midpoint","status":"passed","title":"is the Lua U in TypeScript: knots to n*64, 0 to 0, 127 to 512, integer and monotone over 0..127, the half-pitch at a knot midpoint","duration":8.337100000000078,"failureMessages":[],"meta":{},"tags":[]}],"startTime":1789376091115,"endTime":1789376091198.3372,"status":"passed","message":"","name":"C:/Users/sabot/Documents/Claude/hangar/src/lib/catalog/calibration.spec.ts"},{"assertionResults":[{"ancestorTitles":["catalog metadata and shape (CONT-02, CONT-03)"],"fullName":"catalog metadata and shape (CONT-02, CONT-03) carries complete metadata on every entry","status":"passed","title":"carries complete metadata on every entry","duration":6.04940000000002,"failureMessages":[],"meta":{},"tags":[]},{"ancestorTitles":["catalog metadata and shape (CONT-02, CONT-03)"],"fullName":"catalog metadata and shape (CONT-02, CONT-03) gives every entry a unique url slug","status":"passed","title":"gives every entry a unique url slug","duration":1.2216999999999985,"failureMessages":[],"meta":{},"tags":[]},{"ancestorTitles":["catalog metadata and shape (CONT-02, CONT-03)"],"fullName":"catalog metadata and shape (CONT-02, CONT-03) stores a preview engine that is derived, never chosen","status":"passed","title":"stores a preview engine that is derived, never chosen","duration":0.5468000000000188,"failureMessages":[],"meta":{},"tags":[]},{"ancestorTitles":["catalog metadata and shape (CONT-02, CONT-03)"],"fullName":"catalog metadata and shape (CONT-02, CONT-03) agrees with the vendored shelf on every ported name and description","status":"passed","title":"agrees with the vendored shelf on every ported name and description","duration":0.6913999999999874,"failureMessages":[],"meta":{},"tags":[]},{"ancestorTitles":["catalog metadata and shape (CONT-02, CONT-03)"],"fullName":"catalog metadata and shape (CONT-02, CONT-03) carries eight of the nine shelf presets, each exactly once, and names the ninth","status":"passed","title":"carries eight of the nine shelf presets, each exactly once, and names the ninth","duration":1.0191000000000088,"failureMessages":[],"meta":{},"tags":[]},{"ancestorTitles":["catalog metadata and shape (CONT-02, CONT-03)"],"fullName":"catalog metadata and shape (CONT-02, CONT-03) never extends the vendored shelf (D-09)","status":"passed","title":"never extends the vendored shelf (D-09)","duration":0.4339999999999975,"failureMessages":[],"meta":{},"tags":[]},{"ancestorTitles":["catalog metadata and shape (CONT-02, CONT-03)"],"fullName":"catalog metadata and shape (CONT-02, CONT-03) holds knobs only on hand-authored Lua entries (D-12, TUNE-01)","status":"passed","title":"holds knobs only on hand-authored Lua entries (D-12, TUNE-01)","duration":8.021899999999988,"failureMessages":[],"meta":{},"tags":[]},{"ancestorTitles":["catalog metadata and shape (CONT-02, CONT-03)"],"fullName":"catalog metadata and shape (CONT-02, CONT-03) keeps defaults in step with knobs","status":"passed","title":"keeps defaults in step with knobs","duration":1.6408999999999878,"failureMessages":[],"meta":{},"tags":[]},{"ancestorTitles":["catalog metadata and shape (CONT-02, CONT-03)"],"fullName":"catalog metadata and shape (CONT-02, CONT-03) restates the pinned package's constants correctly","status":"passed","title":"restates the pinned package's constants correctly","duration":0.3411999999999864,"failureMessages":[],"meta":{},"tags":[]},{"ancestorTitles":["catalog metadata and shape (CONT-02, CONT-03)"],"fullName":"catalog metadata and shape (CONT-02, CONT-03) builds the Profile-Cloud object and sorts without mutating","status":"passed","title":"builds the Profile-Cloud object and sorts without mutating","duration":0.8680000000000234,"failureMessages":[],"meta":{},"tags":[]}],"startTime":1789376095333,"endTime":1789376095354.868,"status":"passed","message":"","name":"C:/Users/sabot/Documents/Claude/hangar/src/lib/catalog/catalog.spec.ts"},{"assertionResults":[{"ancestorTitles":["catalog copy, counted rather than read (CONT-03)"],"fullName":"catalog copy, counted rather than read (CONT-03) gives every configuration one line of its own","status":"passed","title":"gives every configuration one line of its own","duration":4.0438000000000045,"failureMessages":[],"meta":{},"tags":[]},{"ancestorTitles":["catalog copy, counted rather than read (CONT-03)"],"fullName":"catalog copy, counted rather than read (CONT-03) writes the punctuation the house writes, over every string it authored","status":"passed","title":"writes the punctuation the house writes, over every string it authored","duration":7.330700000000007,"failureMessages":[],"meta":{},"tags":[]},{"ancestorTitles":["catalog copy, counted rather than read (CONT-03)"],"fullName":"catalog copy, counted rather than read (CONT-03) coins no tag nobody declared, and carries every tag it declares","status":"passed","title":"coins no tag nobody declared, and carries every tag it declares","duration":2.460800000000006,"failureMessages":[],"meta":{},"tags":[]},{"ancestorTitles":["catalog copy, counted rather than read (CONT-03)"],"fullName":"catalog copy, counted rather than read (CONT-03) protects the two search anchors the shipped suites depend on","status":"passed","title":"protects the two search anchors the shipped suites depend on","duration":1.1133999999999844,"failureMessages":[],"meta":{},"tags":[]},{"ancestorTitles":["catalog copy, counted rather than read (CONT-03)"],"fullName":"catalog copy, counted rather than read (CONT-03) computes the census the copy rules are counted over","status":"passed","title":"computes the census the copy rules are counted over","duration":0.6286000000000058,"failureMessages":[],"meta":{},"tags":[]}],"startTime":1789376095549,"endTime":1789376095564.6287,"status":"passed","message":"","name":"C:/Users/sabot/Documents/Claude/hangar/src/lib/catalog/copy.spec.ts"},{"assertionResults":[{"ancestorTitles":["the decay idiom"],"fullName":"the decay idiom 1. every literal decay pair lands on phase 0","status":"passed","title":"1. every literal decay pair lands on phase 0","duration":2.282800000000009,"failureMessages":[],"meta":{},"tags":[]},{"ancestorTitles":["the decay idiom"],"fullName":"the decay idiom 2. every declared value of a parameterised decay lands on phase 0","status":"passed","title":"2. every declared value of a parameterised decay lands on phase 0","duration":0.8033000000000072,"failureMessages":[],"meta":{},"tags":[]},{"ancestorTitles":["the decay idiom"],"fullName":"the decay idiom 3. KNOWN_VIOLATIONS is exhaustive and shrinking","status":"passed","title":"3. KNOWN_VIOLATIONS is exhaustive and shrinking","duration":0.4562999999999988,"failureMessages":[],"meta":{},"tags":[]}],"startTime":1789376098610,"endTime":1789376098613.8032,"status":"passed","message":"","name":"C:/Users/sabot/Documents/Claude/hangar/src/lib/catalog/decay-idiom.spec.ts"},{"assertionResults":[{"ancestorTitles":["catalog golden frames"],"fullName":"catalog golden frames covers every catalog entry, and only catalog entries","status":"passed","title":"covers every catalog entry, and only catalog entries","duration":1.9320000000000164,"failureMessages":[],"meta":{},"tags":[]},{"ancestorTitles":["catalog golden frames"],"fullName":"catalog golden frames gives every entry an engine","status":"passed","title":"gives every entry an engine","duration":105.45060000000001,"failureMessages":[],"meta":{},"tags":[]},{"ancestorTitles":["catalog golden frames"],"fullName":"catalog golden frames still hashes to the recorded frames at every tick","status":"passed","title":"still hashes to the recorded frames at every tick","duration":398.8118,"failureMessages":[],"meta":{},"tags":[]},{"ancestorTitles":["catalog golden frames"],"fullName":"catalog golden frames agrees with the Phase 3 tripwire on every ported entry","status":"passed","title":"agrees with the Phase 3 tripwire on every ported entry","duration":0.8129999999999882,"failureMessages":[],"meta":{},"tags":[]},{"ancestorTitles":["catalog golden frames"],"fullName":"catalog golden frames proves every entry's declared restsBlack, in both directions","status":"passed","title":"proves every entry's declared restsBlack, in both directions","duration":0.7177000000000362,"failureMessages":[],"meta":{},"tags":[]}],"startTime":1789376085976,"endTime":1789376086484.7178,"status":"passed","message":"","name":"C:/Users/sabot/Documents/Claude/hangar/src/lib/catalog/frames.spec.ts"},{"assertionResults":[{"ancestorTitles":["the front-door row (src/lib/catalog/front-door.ts)"],"fullName":"the front-door row (src/lib/catalog/front-door.ts) every row entry is the catalog's own entry, and an engine exists for it","status":"passed","title":"every row entry is the catalog's own entry, and an engine exists for it","duration":2.248199999999997,"failureMessages":[],"meta":{},"tags":[]},{"ancestorTitles":["the front-door row (src/lib/catalog/front-door.ts)"],"fullName":"the front-door row (src/lib/catalog/front-door.ts) the row and the exclusions partition the catalog","status":"passed","title":"the row and the exclusions partition the catalog","duration":1.825099999999992,"failureMessages":[],"meta":{},"tags":[]},{"ancestorTitles":["the front-door row (src/lib/catalog/front-door.ts)"],"fullName":"the front-door row (src/lib/catalog/front-door.ts) the declared motion is what the golden frames record, for every member and for the hero","status":"passed","title":"the declared motion is what the golden frames record, for every member and for the hero","duration":0.823900000000009,"failureMessages":[],"meta":{},"tags":[]},{"ancestorTitles":["the front-door row (src/lib/catalog/front-door.ts)"],"fullName":"the front-door row (src/lib/catalog/front-door.ts) the excluded entry is excluded because it is dark, the catalog agrees, and the hero does not rest black","status":"passed","title":"the excluded entry is excluded because it is dark, the catalog agrees, and the hero does not rest black","duration":0.5038000000000125,"failureMessages":[],"meta":{},"tags":[]},{"ancestorTitles":["the front-door row (src/lib/catalog/front-door.ts)"],"fullName":"the front-door row (src/lib/catalog/front-door.ts) the module stays out of the compiler's chunk, and the quiet copy is the shelf's own","status":"passed","title":"the module stays out of the compiler's chunk, and the quiet copy is the shelf's own","duration":0.7887000000000057,"failureMessages":[],"meta":{},"tags":[]}],"startTime":1789376097350,"endTime":1789376097355.7888,"status":"passed","message":"","name":"C:/Users/sabot/Documents/Claude/hangar/src/lib/catalog/front-door.spec.ts"},{"assertionResults":[{"ancestorTitles":["the host surface a hand-authored entry may call (D-07)"],"fullName":"the host surface a hand-authored entry may call (D-07) gates against the registration itself, not a copy of it","status":"passed","title":"gates against the registration itself, not a copy of it","duration":5.2394999999999925,"failureMessages":[],"meta":{},"tags":[]},{"ancestorTitles":["the host surface a hand-authored entry may call (D-07)"],"fullName":"the host surface a hand-authored entry may call (D-07) resolves every call site in every hand-authored entry","status":"passed","title":"resolves every call site in every hand-authored entry","duration":17.131500000000017,"failureMessages":[],"meta":{},"tags":[]},{"ancestorTitles":["the host surface a hand-authored entry may call (D-07)"],"fullName":"the host surface a hand-authored entry may call (D-07) refuses a call the vendored trap scanner accepts","status":"passed","title":"refuses a call the vendored trap scanner accepts","duration":1.0126000000000204,"failureMessages":[],"meta":{},"tags":[]},{"ancestorTitles":["the host surface a hand-authored entry may call (D-07)"],"fullName":"the host surface a hand-authored entry may call (D-07) keeps the two asymmetries asymmetric, over a corpus that is real","status":"passed","title":"keeps the two asymmetries asymmetric, over a corpus that is real","duration":0.9377999999999815,"failureMessages":[],"meta":{},"tags":[]},{"ancestorTitles":["the host surface a hand-authored entry may call (D-07)"],"fullName":"the host surface a hand-authored entry may call (D-07) accepts a bare gmss and still refuses a bare gms","status":"passed","title":"accepts a bare gmss and still refuses a bare gms","duration":3.807200000000023,"failureMessages":[],"meta":{},"tags":[]},{"ancestorTitles":["the host surface a hand-authored entry may call (D-07)"],"fullName":"the host surface a hand-authored entry may call (D-07) resolves the touch library itself, and it reaches exactly seven host names","status":"passed","title":"resolves the touch library itself, and it reaches exactly seven host names","duration":2.501699999999971,"failureMessages":[],"meta":{},"tags":[]}],"startTime":1789376092685,"endTime":1789376092715.5017,"status":"passed","message":"","name":"C:/Users/sabot/Documents/Claude/hangar/src/lib/catalog/host-surface.spec.ts"},{"assertionResults":[{"ancestorTitles":["the touch library (CONT-02, PREV-01)"],"fullName":"the touch library (CONT-02, PREV-01) 1. costs what it says on both slots, and each is its own fixed point","status":"passed","title":"1. costs what it says on both slots, and each is its own fixed point","duration":53.1961,"failureMessages":[],"meta":{},"tags":[]},{"ancestorTitles":["the touch library (CONT-02, PREV-01)"],"fullName":"the touch library (CONT-02, PREV-01) 2. names every global with one capital except KX and KY, defines each in exactly one slot, and collides with nothing","status":"passed","title":"2. names every global with one capital except KX and KY, defines each in exactly one slot, and collides with nothing","duration":8.730099999999993,"failureMessages":[],"meta":{},"tags":[]},{"ancestorTitles":["the touch library (CONT-02, PREV-01)"],"fullName":"the touch library (CONT-02, PREV-01) 3. passes the pinned syntax check and both class gates, on both strings","status":"passed","title":"3. passes the pinned syntax check and both class gates, on both strings","duration":8.399099999999976,"failureMessages":[],"meta":{},"tags":[]},{"ancestorTitles":["the touch library (CONT-02, PREV-01)"],"fullName":"the touch library (CONT-02, PREV-01) 4. keeps state and the map in 255/0 and every LED write and send in 255/6, joined by exactly one self:tim()","status":"passed","title":"4. keeps state and the map in 255/0 and every LED write and send in 255/6, joined by exactly one self:tim()","duration":1.0972000000000435,"failureMessages":[],"meta":{},"tags":[]},{"ancestorTitles":["the touch library (CONT-02, PREV-01)"],"fullName":"the touch library (CONT-02, PREV-01) 5. puts calibration.ts's knots on the wire verbatim, once","status":"passed","title":"5. puts calibration.ts's knots on the wire verbatim, once","duration":0.6064999999999827,"failureMessages":[],"meta":{},"tags":[]},{"ancestorTitles":["the touch library (CONT-02, PREV-01)"],"fullName":"the touch library (CONT-02, PREV-01) 6. lands every K stamp on phase 0 from a start that is a multiple of 6, keeps N in the map's slot, and draws through Z and Y exactly what 12.1-03's G drew","status":"passed","title":"6. lands every K stamp on phase 0 from a start that is a multiple of 6, keeps N in the map's slot, and draws through Z and Y exactly what 12.1-03's G drew","duration":626.7796000000001,"failureMessages":[],"meta":{},"tags":[]}],"startTime":1789376085025,"endTime":1789376085724.7795,"status":"passed","message":"","name":"C:/Users/sabot/Documents/Claude/hangar/src/lib/catalog/library.spec.ts"},{"assertionResults":[{"ancestorTitles":["the browse listing (src/lib/catalog/listing.ts)"],"fullName":"the browse listing (src/lib/catalog/listing.ts) restates the catalog exactly, field by field","status":"passed","title":"restates the catalog exactly, field by field","duration":4.9295999999999935,"failureMessages":[],"meta":{},"tags":[]},{"ancestorTitles":["the browse listing (src/lib/catalog/listing.ts)"],"fullName":"the browse listing (src/lib/catalog/listing.ts) derives motion from restsBlack first, then from the recorded frames","status":"passed","title":"derives motion from restsBlack first, then from the recorded frames","duration":0.8977999999999895,"failureMessages":[],"meta":{},"tags":[]},{"ancestorTitles":["the browse listing (src/lib/catalog/listing.ts)"],"fullName":"the browse listing (src/lib/catalog/listing.ts) gives every unmoving entry a sentence, and never a second copy of one","status":"passed","title":"gives every unmoving entry a sentence, and never a second copy of one","duration":1.8811000000000035,"failureMessages":[],"meta":{},"tags":[]},{"ancestorTitles":["the browse listing (src/lib/catalog/listing.ts)"],"fullName":"the browse listing (src/lib/catalog/listing.ts) the listed ids partition into the row and the excluded list, and ROUTED is all of them","status":"passed","title":"the listed ids partition into the row and the excluded list, and ROUTED is all of them","duration":0.6186000000000149,"failureMessages":[],"meta":{},"tags":[]},{"ancestorTitles":["the browse listing (src/lib/catalog/listing.ts)"],"fullName":"the browse listing (src/lib/catalog/listing.ts) imports nothing at runtime","status":"passed","title":"imports nothing at runtime","duration":0.7402999999999906,"failureMessages":[],"meta":{},"tags":[]}],"startTime":1789376096682,"endTime":1789376096690.7402,"status":"passed","message":"","name":"C:/Users/sabot/Documents/Claude/hangar/src/lib/catalog/listing.spec.ts"},{"assertionResults":[{"ancestorTitles":["HANGAR's nine against the vendored nine (src/lib/catalog/presets.ts)"],"fullName":"HANGAR's nine against the vendored nine (src/lib/catalog/presets.ts) differs from the vendored shelf only where a row says so","status":"passed","title":"differs from the vendored shelf only where a row says so","duration":5.36190000000002,"failureMessages":[],"meta":{},"tags":[]},{"ancestorTitles":["HANGAR's nine against the vendored nine (src/lib/catalog/presets.ts)"],"fullName":"HANGAR's nine against the vendored nine (src/lib/catalog/presets.ts) carries no INTENDED_DIVERGENCE row that is unjustified or already closed","status":"passed","title":"carries no INTENDED_DIVERGENCE row that is unjustified or already closed","duration":4.436299999999989,"failureMessages":[],"meta":{},"tags":[]},{"ancestorTitles":["HANGAR's nine against the vendored nine (src/lib/catalog/presets.ts)"],"fullName":"HANGAR's nine against the vendored nine (src/lib/catalog/presets.ts) is the same nine, in the same order, and never a tenth","status":"passed","title":"is the same nine, in the same order, and never a tenth","duration":0.4151999999999987,"failureMessages":[],"meta":{},"tags":[]},{"ancestorTitles":["HANGAR's nine against the vendored nine (src/lib/catalog/presets.ts)"],"fullName":"HANGAR's nine against the vendored nine (src/lib/catalog/presets.ts) declares a cost the compiler agrees with, for all nine","status":"passed","title":"declares a cost the compiler agrees with, for all nine","duration":64.12719999999999,"failureMessages":[],"meta":{},"tags":[]}],"startTime":1789376090102,"endTime":1789376090177.1272,"status":"passed","message":"","name":"C:/Users/sabot/Documents/Claude/hangar/src/lib/catalog/presets.spec.ts"},{"assertionResults":[{"ancestorTitles":["the fast-tap guard"],"fullName":"the fast-tap guard 1. every 'contact ended' guard escapes the fast tap","status":"passed","title":"1. every 'contact ended' guard escapes the fast tap","duration":2.497000000000014,"failureMessages":[],"meta":{},"tags":[]},{"ancestorTitles":["the fast-tap guard"],"fullName":"the fast-tap guard 2. every 'contact started' guard admits the fast tap","status":"passed","title":"2. every 'contact started' guard admits the fast tap","duration":0.3977000000000146,"failureMessages":[],"meta":{},"tags":[]},{"ancestorTitles":["the fast-tap guard"],"fullName":"the fast-tap guard 3. DECLARED_EXCEPTIONS is justified and closed","status":"passed","title":"3. DECLARED_EXCEPTIONS is justified and closed","duration":0.35559999999998126,"failureMessages":[],"meta":{},"tags":[]}],"startTime":1789376098830,"endTime":1789376098833.3977,"status":"passed","message":"","name":"C:/Users/sabot/Documents/Claude/hangar/src/lib/catalog/touch-guard.spec.ts"},{"assertionResults":[{"ancestorTitles":["the install flow's copy contract (the Bible, the batch, D-23)"],"fullName":"the install flow's copy contract (the Bible, the batch, D-23) imports nothing at all, so any first-paint component may name it","status":"passed","title":"imports nothing at all, so any first-paint component may name it","duration":1.8520999999999788,"failureMessages":[],"meta":{},"tags":[]},{"ancestorTitles":["the install flow's copy contract (the Bible, the batch, D-23)"],"fullName":"the install flow's copy contract (the Bible, the batch, D-23) holds every string against the documents that authored it: the Bible verbatim, the batch as approved","status":"passed","title":"holds every string against the documents that authored it: the Bible verbatim, the batch as approved","duration":12.88669999999999,"failureMessages":[],"meta":{},"tags":[]},{"ancestorTitles":["the install flow's copy contract (the Bible, the batch, D-23)"],"fullName":"the install flow's copy contract (the Bible, the batch, D-23) the honesty caps are retired by name, and every rule that travelled with them and stayed still holds","status":"passed","title":"the honesty caps are retired by name, and every rule that travelled with them and stayed still holds","duration":40.8536,"failureMessages":[],"meta":{},"tags":[]},{"ancestorTitles":["the install flow's copy contract (the Bible, the batch, D-23)"],"fullName":"the install flow's copy contract (the Bible, the batch, D-23) obeys the register mechanically, over every export and every builder's sample: the punctuation, the case, the engine, the paraphrase","status":"passed","title":"obeys the register mechanically, over every export and every builder's sample: the punctuation, the case, the engine, the paraphrase","duration":26.368899999999996,"failureMessages":[],"meta":{},"tags":[]},{"ancestorTitles":["the install flow's copy contract (the Bible, the batch, D-23)"],"fullName":"the install flow's copy contract (the Bible, the batch, D-23) the closed sets: six reasons, three more, thirteen utterances, and titles that end without a full stop","status":"passed","title":"the closed sets: six reasons, three more, thirteen utterances, and titles that end without a full stop","duration":1.5979000000000099,"failureMessages":[],"meta":{},"tags":[]},{"ancestorTitles":["the install flow's copy contract (the Bible, the batch, D-23)"],"fullName":"the install flow's copy contract (the Bible, the batch, D-23) the formatters: moduleList, confirmRig, nothingLandedBlock and lostBlock","status":"passed","title":"the formatters: moduleList, confirmRig, nothingLandedBlock and lostBlock","duration":0.9557000000000073,"failureMessages":[],"meta":{},"tags":[]}],"startTime":1789376092324,"endTime":1789376092407.9558,"status":"passed","message":"","name":"C:/Users/sabot/Documents/Claude/hangar/src/lib/device/install-copy.spec.ts"},{"assertionResults":[{"ancestorTitles":["InstallStore: the snapshot, the two RAM clicks, and the way back (SAFE-01, SAFE-03, SAFE-04, SAFE-07)"],"fullName":"InstallStore: the snapshot, the two RAM clicks, and the way back (SAFE-01, SAFE-03, SAFE-04, SAFE-07) the snapshot is taken at connect, in order, before ready","status":"passed","title":"the snapshot is taken at connect, in order, before ready","duration":35.73220000000015,"failureMessages":[],"meta":{},"tags":[]},{"ancestorTitles":["InstallStore: the snapshot, the two RAM clicks, and the way back (SAFE-01, SAFE-03, SAFE-04, SAFE-07)"],"fullName":"InstallStore: the snapshot, the two RAM clicks, and the way back (SAFE-01, SAFE-03, SAFE-04, SAFE-07) a serial that is not answered degrades to a session-only snapshot","status":"passed","title":"a serial that is not answered degrades to a session-only snapshot","duration":5.8185000000000855,"failureMessages":[],"meta":{},"tags":[]},{"ancestorTitles":["InstallStore: the snapshot, the two RAM clicks, and the way back (SAFE-01, SAFE-03, SAFE-04, SAFE-07)"],"fullName":"InstallStore: the snapshot, the two RAM clicks, and the way back (SAFE-01, SAFE-03, SAFE-04, SAFE-07) an empty fetched string is snapshot-failed, and everything stays disabled","status":"passed","title":"an empty fetched string is snapshot-failed, and everything stays disabled","duration":6.1016000000001895,"failureMessages":[],"meta":{},"tags":[]},{"ancestorTitles":["InstallStore: the snapshot, the two RAM clicks, and the way back (SAFE-01, SAFE-03, SAFE-04, SAFE-07)"],"fullName":"InstallStore: the snapshot, the two RAM clicks, and the way back (SAFE-01, SAFE-03, SAFE-04, SAFE-07) nothing is written without a click, and TRY ON DEVICE writes exactly five, the system timer first and the utility third, verbatim","status":"passed","title":"nothing is written without a click, and TRY ON DEVICE writes exactly five, the system timer first and the utility third, verbatim","duration":6.017100000000028,"failureMessages":[],"meta":{},"tags":[]},{"ancestorTitles":["InstallStore: the snapshot, the two RAM clicks, and the way back (SAFE-01, SAFE-03, SAFE-04, SAFE-07)"],"fullName":"InstallStore: the snapshot, the two RAM clicks, and the way back (SAFE-01, SAFE-03, SAFE-04, SAFE-07) PUT BACK writes the snapshot's strings the same way and lands restored","status":"passed","title":"PUT BACK writes the snapshot's strings the same way and lands restored","duration":6.0797000000000025,"failureMessages":[],"meta":{},"tags":[]},{"ancestorTitles":["InstallStore: the snapshot, the two RAM clicks, and the way back (SAFE-01, SAFE-03, SAFE-04, SAFE-07)"],"fullName":"InstallStore: the snapshot, the two RAM clicks, and the way back (SAFE-01, SAFE-03, SAFE-04, SAFE-07) an existing record wins and is never overwritten, a record from before the timer slot restores the 255/6 default and says so, and one from before the utility slot restores the 255/4 default and says so","status":"passed","title":"an existing record wins and is never overwritten, a record from before the timer slot restores the 255/6 default and says so, and one from before the utility slot restores the 255/4 default and says so","duration":9.92529999999988,"failureMessages":[],"meta":{},"tags":[]},{"ancestorTitles":["InstallStore: the snapshot, the two RAM clicks, and the way back (SAFE-01, SAFE-03, SAFE-04, SAFE-07)"],"fullName":"InstallStore: the snapshot, the two RAM clicks, and the way back (SAFE-01, SAFE-03, SAFE-04, SAFE-07) over budget, and measuring, never reach the wire","status":"passed","title":"over budget, and measuring, never reach the wire","duration":3.9949000000001433,"failureMessages":[],"meta":{},"tags":[]},{"ancestorTitles":["InstallStore: the snapshot, the two RAM clicks, and the way back (SAFE-01, SAFE-03, SAFE-04, SAFE-07)"],"fullName":"InstallStore: the snapshot, the two RAM clicks, and the way back (SAFE-01, SAFE-03, SAFE-04, SAFE-07) the file's shape: four specifiers, no raw onData, no direct write, no interval, no derived","status":"passed","title":"the file's shape: four specifiers, no raw onData, no direct write, no interval, no derived","duration":1.9423999999999069,"failureMessages":[],"meta":{},"tags":[]},{"ancestorTitles":["InstallStore: the snapshot, the two RAM clicks, and the way back (SAFE-01, SAFE-03, SAFE-04, SAFE-07)"],"fullName":"InstallStore: the snapshot, the two RAM clicks, and the way back (SAFE-01, SAFE-03, SAFE-04, SAFE-07) kept is said after the store acknowledgement, a heartbeat, and a matching re-fetch","status":"passed","title":"kept is said after the store acknowledgement, a heartbeat, and a matching re-fetch","duration":6.383800000000065,"failureMessages":[],"meta":{},"tags":[]},{"ancestorTitles":["InstallStore: the snapshot, the two RAM clicks, and the way back (SAFE-01, SAFE-03, SAFE-04, SAFE-07)"],"fullName":"InstallStore: the snapshot, the two RAM clicks, and the way back (SAFE-01, SAFE-03, SAFE-04, SAFE-07) a read-back that never matches is kept-mismatch after three rounds","status":"passed","title":"a read-back that never matches is kept-mismatch after three rounds","duration":6.729499999999916,"failureMessages":[],"meta":{},"tags":[]},{"ancestorTitles":["InstallStore: the snapshot, the two RAM clicks, and the way back (SAFE-01, SAFE-03, SAFE-04, SAFE-07)"],"fullName":"InstallStore: the snapshot, the two RAM clicks, and the way back (SAFE-01, SAFE-03, SAFE-04, SAFE-07) a store that never acknowledges is unconfirmed, and KEEP ON DEVICE stays live","status":"passed","title":"a store that never acknowledges is unconfirmed, and KEEP ON DEVICE stays live","duration":17.17190000000005,"failureMessages":[],"meta":{},"tags":[]},{"ancestorTitles":["InstallStore: the snapshot, the two RAM clicks, and the way back (SAFE-01, SAFE-03, SAFE-04, SAFE-07)"],"fullName":"InstallStore: the snapshot, the two RAM clicks, and the way back (SAFE-01, SAFE-03, SAFE-04, SAFE-07) after a keep, PUT BACK stores too; when its store never confirms, it is restored-unconfirmed","status":"passed","title":"after a keep, PUT BACK stores too; when its store never confirms, it is restored-unconfirmed","duration":27.537199999999984,"failureMessages":[],"meta":{},"tags":[]},{"ancestorTitles":["InstallStore: the snapshot, the two RAM clicks, and the way back (SAFE-01, SAFE-03, SAFE-04, SAFE-07)"],"fullName":"InstallStore: the snapshot, the two RAM clicks, and the way back (SAFE-01, SAFE-03, SAFE-04, SAFE-07) one landed script is partial, and it names what landed","status":"passed","title":"one landed script is partial, and it names what landed","duration":5.859199999999873,"failureMessages":[],"meta":{},"tags":[]},{"ancestorTitles":["InstallStore: the snapshot, the two RAM clicks, and the way back (SAFE-01, SAFE-03, SAFE-04, SAFE-07)"],"fullName":"InstallStore: the snapshot, the two RAM clicks, and the way back (SAFE-01, SAFE-03, SAFE-04, SAFE-07) none landed is nothing-landed - by refusal with one attempt, by timeout with three, and the timeout escalates the pacing","status":"passed","title":"none landed is nothing-landed - by refusal with one attempt, by timeout with three, and the timeout escalates the pacing","duration":8.723899999999958,"failureMessages":[],"meta":{},"tags":[]},{"ancestorTitles":["InstallStore: the snapshot, the two RAM clicks, and the way back (SAFE-01, SAFE-03, SAFE-04, SAFE-07)"],"fullName":"InstallStore: the snapshot, the two RAM clicks, and the way back (SAFE-01, SAFE-03, SAFE-04, SAFE-07) an unplug mid-write is lost, the session keeps quiet, and a reconnect finds the record","status":"passed","title":"an unplug mid-write is lost, the session keeps quiet, and a reconnect finds the record","duration":4.709100000000035,"failureMessages":[],"meta":{},"tags":[]},{"ancestorTitles":["InstallStore: the snapshot, the two RAM clicks, and the way back (SAFE-01, SAFE-03, SAFE-04, SAFE-07)"],"fullName":"InstallStore: the snapshot, the two RAM clicks, and the way back (SAFE-01, SAFE-03, SAFE-04, SAFE-07) on a rig the store is allowed, resolves once, and the confirmation names the others","status":"passed","title":"on a rig the store is allowed, resolves once, and the confirmation names the others","duration":4.811399999999821,"failureMessages":[],"meta":{},"tags":[]},{"ancestorTitles":["InstallStore: the snapshot, the two RAM clicks, and the way back (SAFE-01, SAFE-03, SAFE-04, SAFE-07)"],"fullName":"InstallStore: the snapshot, the two RAM clicks, and the way back (SAFE-01, SAFE-03, SAFE-04, SAFE-07) flash only what you have heard - the confirmation closes on a knob move and a session drop, a page change re-snapshots, and the select's change is switchPage: the heartbeat then exactly one switch in that order, refused where it must be, and never parked at requested","status":"passed","title":"flash only what you have heard - the confirmation closes on a knob move and a session drop, a page change re-snapshots, and the select's change is switchPage: the heartbeat then exactly one switch in that order, refused where it must be, and never parked at requested","duration":9.879500000000007,"failureMessages":[],"meta":{},"tags":[]},{"ancestorTitles":["InstallStore: the snapshot, the two RAM clicks, and the way back (SAFE-01, SAFE-03, SAFE-04, SAFE-07)"],"fullName":"InstallStore: the snapshot, the two RAM clicks, and the way back (SAFE-01, SAFE-03, SAFE-04, SAFE-07) the slow line is a timer on the store, spoken once, and never an interval","status":"passed","title":"the slow line is a timer on the store, spoken once, and never an interval","duration":7.996099999999842,"failureMessages":[],"meta":{},"tags":[]},{"ancestorTitles":["InstallStore: the snapshot, the two RAM clicks, and the way back (SAFE-01, SAFE-03, SAFE-04, SAFE-07)"],"fullName":"InstallStore: the snapshot, the two RAM clicks, and the way back (SAFE-01, SAFE-03, SAFE-04, SAFE-07) CLEAR writes the firmware's own default configuration into RAM, then stores it - ACK-gated, proved by the read-back - and only then says cleared","status":"passed","title":"CLEAR writes the firmware's own default configuration into RAM, then stores it - ACK-gated, proved by the read-back - and only then says cleared","duration":10.470499999999902,"failureMessages":[],"meta":{},"tags":[]},{"ancestorTitles":["InstallStore: the snapshot, the two RAM clicks, and the way back (SAFE-01, SAFE-03, SAFE-04, SAFE-07)"],"fullName":"InstallStore: the snapshot, the two RAM clicks, and the way back (SAFE-01, SAFE-03, SAFE-04, SAFE-07) a clear whose store is acknowledged but never reads back is kept-mismatch, never cleared","status":"passed","title":"a clear whose store is acknowledged but never reads back is kept-mismatch, never cleared","duration":5.642900000000054,"failureMessages":[],"meta":{},"tags":[]},{"ancestorTitles":["InstallStore: the snapshot, the two RAM clicks, and the way back (SAFE-01, SAFE-03, SAFE-04, SAFE-07)"],"fullName":"InstallStore: the snapshot, the two RAM clicks, and the way back (SAFE-01, SAFE-03, SAFE-04, SAFE-07) a clear whose store never acknowledges is unconfirmed with the firmware default named, Store on ZONA reads never-tried, and the RAM leg alone never stores","status":"passed","title":"a clear whose store never acknowledges is unconfirmed with the firmware default named, Store on ZONA reads never-tried, and the RAM leg alone never stores","duration":16.975800000000163,"failureMessages":[],"meta":{},"tags":[]},{"ancestorTitles":["InstallStore: the snapshot, the two RAM clicks, and the way back (SAFE-01, SAFE-03, SAFE-04, SAFE-07)"],"fullName":"InstallStore: the snapshot, the two RAM clicks, and the way back (SAFE-01, SAFE-03, SAFE-04, SAFE-07) a clear whose second acknowledgement never comes is partial, never cleared","status":"passed","title":"a clear whose second acknowledgement never comes is partial, never cleared","duration":4.905599999999822,"failureMessages":[],"meta":{},"tags":[]},{"ancestorTitles":["InstallStore: the snapshot, the two RAM clicks, and the way back (SAFE-01, SAFE-03, SAFE-04, SAFE-07)"],"fullName":"InstallStore: the snapshot, the two RAM clicks, and the way back (SAFE-01, SAFE-03, SAFE-04, SAFE-07) no snapshot, no clear - and the fifteen-row enablement table","status":"passed","title":"no snapshot, no clear - and the fifteen-row enablement table","duration":4.295699999999897,"failureMessages":[],"meta":{},"tags":[]},{"ancestorTitles":["InstallStore: the snapshot, the two RAM clicks, and the way back (SAFE-01, SAFE-03, SAFE-04, SAFE-07)"],"fullName":"InstallStore: the snapshot, the two RAM clicks, and the way back (SAFE-01, SAFE-03, SAFE-04, SAFE-07) five strings go out in the one order on every leg that writes, and the store proof reads five per round","status":"passed","title":"five strings go out in the one order on every leg that writes, and the store proof reads five per round","duration":7.783500000000004,"failureMessages":[],"meta":{},"tags":[]},{"ancestorTitles":["InstallStore: the snapshot, the two RAM clicks, and the way back (SAFE-01, SAFE-03, SAFE-04, SAFE-07)"],"fullName":"InstallStore: the snapshot, the two RAM clicks, and the way back (SAFE-01, SAFE-03, SAFE-04, SAFE-07) a partial names which of the five landed, and the partial that cannot happen does not","status":"passed","title":"a partial names which of the five landed, and the partial that cannot happen does not","duration":9.844000000000051,"failureMessages":[],"meta":{},"tags":[]},{"ancestorTitles":["InstallStore: the snapshot, the two RAM clicks, and the way back (SAFE-01, SAFE-03, SAFE-04, SAFE-07)"],"fullName":"InstallStore: the snapshot, the two RAM clicks, and the way back (SAFE-01, SAFE-03, SAFE-04, SAFE-07) CLEAR writes five defaults and PUT BACK five originals in SLOTS order, the classifier reads the first, the third and the fourth write, and the phase list is 13-12's","status":"passed","title":"CLEAR writes five defaults and PUT BACK five originals in SLOTS order, the classifier reads the first, the third and the fourth write, and the phase list is 13-12's","duration":10.927500000000009,"failureMessages":[],"meta":{},"tags":[]},{"ancestorTitles":["InstallStore: the snapshot, the two RAM clicks, and the way back (SAFE-01, SAFE-03, SAFE-04, SAFE-07)","a surface through the one writer (13-17)"],"fullName":"InstallStore: the snapshot, the two RAM clicks, and the way back (SAFE-01, SAFE-03, SAFE-04, SAFE-07) a surface through the one writer (13-17) a surface lands in the tuner's own shape, and the store consumes it by the one path an entry takes","status":"passed","title":"a surface lands in the tuner's own shape, and the store consumes it by the one path an entry takes","duration":26.024000000000115,"failureMessages":[],"meta":{},"tags":[]},{"ancestorTitles":["InstallStore: the snapshot, the two RAM clicks, and the way back (SAFE-01, SAFE-03, SAFE-04, SAFE-07)","a surface through the one writer (13-17)"],"fullName":"InstallStore: the snapshot, the two RAM clicks, and the way back (SAFE-01, SAFE-03, SAFE-04, SAFE-07) a surface through the one writer (13-17) a surface's five strings go out in SLOTS order, the classifier names which of five landed, and the impossible partial is still impossible","status":"passed","title":"a surface's five strings go out in SLOTS order, the classifier names which of five landed, and the impossible partial is still impossible","duration":8.106100000000197,"failureMessages":[],"meta":{},"tags":[]},{"ancestorTitles":["InstallStore: the snapshot, the two RAM clicks, and the way back (SAFE-01, SAFE-03, SAFE-04, SAFE-07)","a surface through the one writer (13-17)"],"fullName":"InstallStore: the snapshot, the two RAM clicks, and the way back (SAFE-01, SAFE-03, SAFE-04, SAFE-07) a surface through the one writer (13-17) over budget refuses before the wire: a surface over 908 disables Apply, names the cause, and sends zero frames","status":"passed","title":"over budget refuses before the wire: a surface over 908 disables Apply, names the cause, and sends zero frames","duration":5.518299999999954,"failureMessages":[],"meta":{},"tags":[]}],"startTime":1789376087021,"endTime":1789376087438.5183,"status":"passed","message":"","name":"C:/Users/sabot/Documents/Claude/hangar/src/lib/device/install.spec.ts"},{"assertionResults":[{"ancestorTitles":["the page target (13-12, D-06)"],"fullName":"the page target (13-12, D-06) a switch sends the restore heartbeat BEFORE the page change, proved by the frame order - and still does straight after a write, which is the case the order exists for","status":"passed","title":"a switch sends the restore heartbeat BEFORE the page change, proved by the frame order - and still does straight after a write, which is the case the order exists for","duration":77.39540000000002,"failureMessages":[],"meta":{},"tags":[]},{"ancestorTitles":["the page target (13-12, D-06)"],"fullName":"the page target (13-12, D-06) Apply is disabled from the affirmative until the module's OWN report carries the requested page; a report of another page updates `reported` and leaves it disabled","status":"passed","title":"Apply is disabled from the affirmative until the module's OWN report carries the requested page; a report of another page updates `reported` and leaves it disabled","duration":0.8412999999999897,"failureMessages":[],"meta":{},"tags":[]},{"ancestorTitles":["the page target (13-12, D-06)"],"fullName":"the page target (13-12, D-06) no report inside the window lands `unverified` - Apply stays disabled, nothing reads as switched - and a late report still resolves it","status":"passed","title":"no report inside the window lands `unverified` - Apply stays disabled, nothing reads as switched - and a late report still resolves it","duration":3.1187999999999647,"failureMessages":[],"meta":{},"tags":[]},{"ancestorTitles":["the page target (13-12, D-06)"],"fullName":"the page target (13-12, D-06) the page list comes from the module's PAGECOUNT answer: a module answering 2 offers two pages, not four, and the file names no count of its own","status":"passed","title":"the page list comes from the module's PAGECOUNT answer: a module answering 2 offers two pages, not four, and the file names no count of its own","duration":39.58660000000003,"failureMessages":[],"meta":{},"tags":[]}],"startTime":1789376092012,"endTime":1789376092132.5867,"status":"passed","message":"","name":"C:/Users/sabot/Documents/Claude/hangar/src/lib/device/page-target.spec.ts"},{"assertionResults":[{"ancestorTitles":["the session's copy contract (06-UI-SPEC)"],"fullName":"the session's copy contract (06-UI-SPEC) imports nothing at all, so any component may name it on the first paint","status":"passed","title":"imports nothing at all, so any component may name it on the first paint","duration":1.8164999999999907,"failureMessages":[],"meta":{},"tags":[]},{"ancestorTitles":["the session's copy contract (06-UI-SPEC)"],"fullName":"the session's copy contract (06-UI-SPEC) maps all seventeen phases onto the nine slot states, and starting is S1","status":"passed","title":"maps all seventeen phases onto the nine slot states, and starting is S1","duration":1.0767000000000166,"failureMessages":[],"meta":{},"tags":[]},{"ancestorTitles":["the session's copy contract (06-UI-SPEC)"],"fullName":"the session's copy contract (06-UI-SPEC) names nine states, partitioned six and three, all of them terminal-looking","status":"passed","title":"names nine states, partitioned six and three, all of them terminal-looking","duration":1.0985000000000014,"failureMessages":[],"meta":{},"tags":[]},{"ancestorTitles":["the session's copy contract (06-UI-SPEC)"],"fullName":"the session's copy contract (06-UI-SPEC) interpolates the rendering surface's label and hard-codes no control name","status":"passed","title":"interpolates the rendering surface's label and hard-codes no control name","duration":0.671999999999997,"failureMessages":[],"meta":{},"tags":[]},{"ancestorTitles":["the session's copy contract (06-UI-SPEC)"],"fullName":"the session's copy contract (06-UI-SPEC) holds every string against the documents that authored it: the Bible verbatim, the batch as approved","status":"passed","title":"holds every string against the documents that authored it: the Bible verbatim, the batch as approved","duration":6.307799999999986,"failureMessages":[],"meta":{},"tags":[]},{"ancestorTitles":["the session's copy contract (06-UI-SPEC)"],"fullName":"the session's copy contract (06-UI-SPEC) obeys the register mechanically, names two browsers on purpose, and names no engine","status":"passed","title":"obeys the register mechanically, names two browsers on purpose, and names no engine","duration":13.364199999999983,"failureMessages":[],"meta":{},"tags":[]}],"startTime":1789376094561,"endTime":1789376094585.3643,"status":"passed","message":"","name":"C:/Users/sabot/Documents/Claude/hangar/src/lib/device/session-copy.spec.ts"},{"assertionResults":[{"ancestorTitles":["DeviceSession: capability, the offer, the chooser, identification (D-05, D-06, CONN-01, CONN-05, CONN-06, CONN-07)"],"fullName":"DeviceSession: capability, the offer, the chooser, identification (D-05, D-06, CONN-01, CONN-05, CONN-06, CONN-07) decides the capability in the calling frame, with nothing attached and nothing asked","status":"passed","title":"decides the capability in the calling frame, with nothing attached and nothing asked","duration":3.0381000000000427,"failureMessages":[],"meta":{},"tags":[]},{"ancestorTitles":["DeviceSession: capability, the offer, the chooser, identification (D-05, D-06, CONN-01, CONN-05, CONN-06, CONN-07)"],"fullName":"DeviceSession: capability, the offer, the chooser, identification (D-05, D-06, CONN-01, CONN-05, CONN-06, CONN-07) offers a granted, attached ZONA and never opens it","status":"passed","title":"offers a granted, attached ZONA and never opens it","duration":1.9963000000000193,"failureMessages":[],"meta":{},"tags":[]},{"ancestorTitles":["DeviceSession: capability, the offer, the chooser, identification (D-05, D-06, CONN-01, CONN-05, CONN-06, CONN-07)"],"fullName":"DeviceSession: capability, the offer, the chooser, identification (D-05, D-06, CONN-01, CONN-05, CONN-06, CONN-07) reads an empty list as not plugged in, never as no grant","status":"passed","title":"reads an empty list as not plugged in, never as no grant","duration":0.6279999999999859,"failureMessages":[],"meta":{},"tags":[]},{"ancestorTitles":["DeviceSession: capability, the offer, the chooser, identification (D-05, D-06, CONN-01, CONN-05, CONN-06, CONN-07)"],"fullName":"DeviceSession: capability, the offer, the chooser, identification (D-05, D-06, CONN-01, CONN-05, CONN-06, CONN-07) two controls, one chooser: a second connect() while one is in flight is a no-op","status":"passed","title":"two controls, one chooser: a second connect() while one is in flight is a no-op","duration":0.6833000000000311,"failureMessages":[],"meta":{},"tags":[]},{"ancestorTitles":["DeviceSession: capability, the offer, the chooser, identification (D-05, D-06, CONN-01, CONN-05, CONN-06, CONN-07)"],"fullName":"DeviceSession: capability, the offer, the chooser, identification (D-05, D-06, CONN-01, CONN-05, CONN-06, CONN-07) catches a THROWN activation failure at the call site and names it","status":"passed","title":"catches a THROWN activation failure at the call site and names it","duration":0.5743999999999687,"failureMessages":[],"meta":{},"tags":[]},{"ancestorTitles":["DeviceSession: capability, the offer, the chooser, identification (D-05, D-06, CONN-01, CONN-05, CONN-06, CONN-07)"],"fullName":"DeviceSession: capability, the offer, the chooser, identification (D-05, D-06, CONN-01, CONN-05, CONN-06, CONN-07) maps every failure onto its phase, one row each","status":"passed","title":"maps every failure onto its phase, one row each","duration":2.0763999999999783,"failureMessages":[],"meta":{},"tags":[]},{"ancestorTitles":["DeviceSession: capability, the offer, the chooser, identification (D-05, D-06, CONN-01, CONN-05, CONN-06, CONN-07)"],"fullName":"DeviceSession: capability, the offer, the chooser, identification (D-05, D-06, CONN-01, CONN-05, CONN-06, CONN-07) identifies the module from a real hardware capture, and writes nothing","status":"passed","title":"identifies the module from a real hardware capture, and writes nothing","duration":9.870300000000043,"failureMessages":[],"meta":{},"tags":[]},{"ancestorTitles":["DeviceSession: capability, the offer, the chooser, identification (D-05, D-06, CONN-01, CONN-05, CONN-06, CONN-07)"],"fullName":"DeviceSession: capability, the offer, the chooser, identification (D-05, D-06, CONN-01, CONN-05, CONN-06, CONN-07) refuses a rig with no ZONA by naming the module on the cable, and closes the port","status":"passed","title":"refuses a rig with no ZONA by naming the module on the cable, and closes the port","duration":1.911200000000008,"failureMessages":[],"meta":{},"tags":[]},{"ancestorTitles":["DeviceSession: capability, the offer, the chooser, identification (D-05, D-06, CONN-01, CONN-05, CONN-06, CONN-07)"],"fullName":"DeviceSession: capability, the offer, the chooser, identification (D-05, D-06, CONN-01, CONN-05, CONN-06, CONN-07) an unplug of a live session is immediate, and a detected port that leaves returns to idle","status":"passed","title":"an unplug of a live session is immediate, and a detected port that leaves returns to idle","duration":6.953400000000045,"failureMessages":[],"meta":{},"tags":[]},{"ancestorTitles":["DeviceSession: capability, the offer, the chooser, identification (D-05, D-06, CONN-01, CONN-05, CONN-06, CONN-07)"],"fullName":"DeviceSession: capability, the offer, the chooser, identification (D-05, D-06, CONN-01, CONN-05, CONN-06, CONN-07) the replug adopts the new port object, and one click reconnects with no chooser","status":"passed","title":"the replug adopts the new port object, and one click reconnects with no chooser","duration":13.06049999999999,"failureMessages":[],"meta":{},"tags":[]},{"ancestorTitles":["DeviceSession: capability, the offer, the chooser, identification (D-05, D-06, CONN-01, CONN-05, CONN-06, CONN-07)"],"fullName":"DeviceSession: capability, the offer, the chooser, identification (D-05, D-06, CONN-01, CONN-05, CONN-06, CONN-07) ignores an arriving port that is not a ZONA, and any arrival while a transport is live","status":"passed","title":"ignores an arriving port that is not a ZONA, and any arrival while a transport is live","duration":6.8256000000000085,"failureMessages":[],"meta":{},"tags":[]},{"ancestorTitles":["DeviceSession: capability, the offer, the chooser, identification (D-05, D-06, CONN-01, CONN-05, CONN-06, CONN-07)"],"fullName":"DeviceSession: capability, the offer, the chooser, identification (D-05, D-06, CONN-01, CONN-05, CONN-06, CONN-07) the watchdog fires only on the missed disconnect, and silence alone is not a state","status":"passed","title":"the watchdog fires only on the missed disconnect, and silence alone is not a state","duration":5.915099999999995,"failureMessages":[],"
[...]
assed","title":"compiles byte-identically at Full to a state that was never dimmed","duration":0.24660000000039872,"failureMessages":[],"meta":{},"tags":[]},{"ancestorTitles":["brightness"],"fullName":"brightness scales the emitted literals at Dim, spot-checked by hand","status":"passed","title":"scales the emitted literals at Dim, spot-checked by hand","duration":0.1989000000003216,"failureMessages":[],"meta":{},"tags":[]},{"ancestorTitles":["brightness"],"fullName":"brightness never scales at the default: the ledger prices the same rows","status":"passed","title":"never scales at the default: the ledger prices the same rows","duration":7.449200000000019,"failureMessages":[],"meta":{},"tags":[]},{"ancestorTitles":["brightness"],"fullName":"brightness prices the dimmed stamp one character over the full one","status":"passed","title":"prices the dimmed stamp one character over the full one","duration":0.23869999999988067,"failureMessages":[],"meta":{},"tags":[]},{"ancestorTitles":["the stamp across versions"],"fullName":"the stamp across versions still writes yesterday's stamps, bit for bit","status":"passed","title":"still writes yesterday's stamps, bit for bit","duration":0.5205000000000837,"failureMessages":[],"meta":{},"tags":[]},{"ancestorTitles":["the stamp across versions"],"fullName":"the stamp across versions still decodes yesterday's stamps to the same states, forever","status":"passed","title":"still decodes yesterday's stamps to the same states, forever","duration":0.4495999999999185,"failureMessages":[],"meta":{},"tags":[]},{"ancestorTitles":["the stamp across versions"],"fullName":"the stamp across versions writes the new format only when the state needs it","status":"passed","title":"writes the new format only when the state needs it","duration":0.20800000000008367,"failureMessages":[],"meta":{},"tags":[]},{"ancestorTitles":["the stamp across versions"],"fullName":"the stamp across versions declines a v1 payload that claims the dial, as corruption","status":"passed","title":"declines a v1 payload that claims the dial, as corruption","duration":0.17319999999972424,"failureMessages":[],"meta":{},"tags":[]},{"ancestorTitles":["the stamp across versions"],"fullName":"the stamp across versions declines a truncated v2 payload rather than half-reading it","status":"passed","title":"declines a truncated v2 payload rather than half-reading it","duration":0.3148999999998523,"failureMessages":[],"meta":{},"tags":[]},{"ancestorTitles":["the stamp across versions"],"fullName":"the stamp across versions carries the axes and dial fields at the edges of their domains","status":"passed","title":"carries the axes and dial fields at the edges of their domains","duration":0.5936000000001513,"failureMessages":[],"meta":{},"tags":[]},{"ancestorTitles":["the stamp across versions"],"fullName":"the stamp across versions writes and reads the v3 stamps, bit for bit","status":"passed","title":"writes and reads the v3 stamps, bit for bit","duration":0.6032000000000153,"failureMessages":[],"meta":{},"tags":[]},{"ancestorTitles":["the stamp across versions"],"fullName":"the stamp across versions writes format c only when brightness is not Full","status":"passed","title":"writes format c only when brightness is not Full","duration":0.4248000000002321,"failureMessages":[],"meta":{},"tags":[]},{"ancestorTitles":["the stamp across versions"],"fullName":"the stamp across versions decodes every older format to Full brightness","status":"passed","title":"decodes every older format to Full brightness","duration":0.3126999999999498,"failureMessages":[],"meta":{},"tags":[]},{"ancestorTitles":["the stamp across versions"],"fullName":"the stamp across versions declines a c payload grafted onto an older format character","status":"passed","title":"declines a c payload grafted onto an older format character","duration":0.3348999999998341,"failureMessages":[],"meta":{},"tags":[]},{"ancestorTitles":["the stamp across versions"],"fullName":"the stamp across versions writes and reads the v4 stamps, bit for bit","status":"passed","title":"writes and reads the v4 stamps, bit for bit","duration":0.7687999999998283,"failureMessages":[],"meta":{},"tags":[]},{"ancestorTitles":["the stamp across versions"],"fullName":"the stamp across versions writes format d only when a joystick or scale field is in play","status":"passed","title":"writes format d only when a joystick or scale field is in play","duration":0.6403000000000247,"failureMessages":[],"meta":{},"tags":[]},{"ancestorTitles":["the stamp across versions"],"fullName":"the stamp across versions decodes every older format to the new joystick and scale defaults","status":"passed","title":"decodes every older format to the new joystick and scale defaults","duration":0.16310000000021319,"failureMessages":[],"meta":{},"tags":[]},{"ancestorTitles":["the stamp across versions"],"fullName":"the stamp across versions declines a d payload grafted onto an older format character","status":"passed","title":"declines a d payload grafted onto an older format character","duration":0.2681000000002314,"failureMessages":[],"meta":{},"tags":[]},{"ancestorTitles":["the axes knob"],"fullName":"the axes knob emits only the chosen axis and never renumbers a stream","status":"passed","title":"emits only the chosen axis and never renumbers a stream","duration":0.44610000000011496,"failureMessages":[],"meta":{},"tags":[]},{"ancestorTitles":["the axes knob"],"fullName":"the axes knob keeps the hiRes pair on the surviving axis","status":"passed","title":"keeps the hiRes pair on the surviving axis","duration":0.15709999999990032,"failureMessages":[],"meta":{},"tags":[]},{"ancestorTitles":["the axes knob"],"fullName":"the axes knob refunds real budget when one axis is off","status":"passed","title":"refunds real budget when one axis is off","duration":4.272100000000137,"failureMessages":[],"meta":{},"tags":[]},{"ancestorTitles":["the axes knob"],"fullName":"the axes knob keeps the ccBase clamp exactly as both-axes","status":"passed","title":"keeps the ccBase clamp exactly as both-axes","duration":0.3247999999998683,"failureMessages":[],"meta":{},"tags":[]},{"ancestorTitles":["streams and solo"],"fullName":"streams and solo lists every stream in plain words with the real numbers","status":"passed","title":"lists every stream in plain words with the real numbers","duration":1.1271999999999025,"failureMessages":[],"meta":{},"tags":[]},{"ancestorTitles":["streams and solo"],"fullName":"streams and solo lists unsoloable streams with a why instead of hiding them","status":"passed","title":"lists unsoloable streams with a why instead of hiding them","duration":0.9448999999999614,"failureMessages":[],"meta":{},"tags":[]},{"ancestorTitles":["streams and solo"],"fullName":"streams and solo yields nothing for trackpad, none and suppressed sends","status":"passed","title":"yields nothing for trackpad, none and suppressed sends","duration":0.49459999999999127,"failureMessages":[],"meta":{},"tags":[]},{"ancestorTitles":["streams and solo"],"fullName":"streams and solo solo compiles a variant under the real card's stamp","status":"passed","title":"solo compiles a variant under the real card's stamp","duration":1.6318999999998596,"failureMessages":[],"meta":{},"tags":[]},{"ancestorTitles":["streams and solo"],"fullName":"streams and solo keeps the LED picture live outside a fader solo's guard","status":"passed","title":"keeps the LED picture live outside a fader solo's guard","duration":0.48840000000018335,"failureMessages":[],"meta":{},"tags":[]},{"ancestorTitles":["streams and solo"],"fullName":"streams and solo throws on an unsoloable stream and deletes a stale solo","status":"passed","title":"throws on an unsoloable stream and deletes a stale solo","duration":1.8332000000000335,"failureMessages":[],"meta":{},"tags":[]},{"ancestorTitles":["streams and solo"],"fullName":"streams and solo never reaches the ledger, the fit solver or the stamp","status":"passed","title":"never reaches the ledger, the fit solver or the stamp","duration":14.091400000000249,"failureMessages":[],"meta":{},"tags":[]},{"ancestorTitles":["streams and solo"],"fullName":"streams and solo readPad of a solo-written pair returns the base card","status":"passed","title":"readPad of a solo-written pair returns the base card","duration":0.9998999999997977,"failureMessages":[],"meta":{},"tags":[]},{"ancestorTitles":["the dial state model"],"fullName":"the dial state model forces one finger, standard resolution and a legal detent","status":"passed","title":"forces one finger, standard resolution and a legal detent","duration":0.48250000000007276,"failureMessages":[],"meta":{},"tags":[]},{"ancestorTitles":["the dial state model"],"fullName":"the dial state model resets the dial knobs when the kind moves away, like every kind","status":"passed","title":"resets the dial knobs when the kind moves away, like every kind","duration":0.29899999999997817,"failureMessages":[],"meta":{},"tags":[]},{"ancestorTitles":["the dial state model"],"fullName":"the dial state model inits the accumulator, and the level only in absolute mode","status":"passed","title":"inits the accumulator, and the level only in absolute mode","duration":0.45060000000012224,"failureMessages":[],"meta":{},"tags":[]},{"ancestorTitles":["the dial state model"],"fullName":"the dial state model proposes dropping the radius stream on the fit ladder","status":"passed","title":"proposes dropping the radius stream on the fit ladder","duration":10.113800000000083,"failureMessages":[],"meta":{},"tags":[]},{"ancestorTitles":["the joystick"],"fullName":"the joystick adds one conditional in the end path, with exact rest literals","status":"passed","title":"adds one conditional in the end path, with exact rest literals","duration":0.45420000000012806,"failureMessages":[],"meta":{},"tags":[]},{"ancestorTitles":["the joystick"],"fullName":"the joystick falls to zero when asked, and a bend axis still centres","status":"passed","title":"falls to zero when asked, and a bend axis still centres","duration":0.24139999999988504,"failureMessages":[],"meta":{},"tags":[]},{"ancestorTitles":["the joystick"],"fullName":"the joystick rests at bit-exact 8192 in fine resolution","status":"passed","title":"rests at bit-exact 8192 in fine resolution","duration":0.17140000000017608,"failureMessages":[],"meta":{},"tags":[]},{"ancestorTitles":["the joystick"],"fullName":"the joystick holds by default: no rest sends without the spring","status":"passed","title":"holds by default: no rest sends without the spring","duration":0.14660000000003492,"failureMessages":[],"meta":{},"tags":[]},{"ancestorTitles":["the joystick"],"fullName":"the joystick rides the bend lane on the MSB at standard resolution","status":"passed","title":"rides the bend lane on the MSB at standard resolution","duration":0.17090000000007421,"failureMessages":[],"meta":{},"tags":[]},{"ancestorTitles":["the joystick"],"fullName":"the joystick splits the fine-resolution bend itself: gms has no pair mode for it","status":"passed","title":"splits the fine-resolution bend itself: gms has no pair mode for it","duration":0.1635999999998603,"failureMessages":[],"meta":{},"tags":[]},{"ancestorTitles":["the joystick"],"fullName":"the joystick parks the glow dot on the home cell, lit from power-on","status":"passed","title":"parks the glow dot on the home cell, lit from power-on","duration":0.15259999999989304,"failureMessages":[],"meta":{},"tags":[]},{"ancestorTitles":["the joystick"],"fullName":"the joystick fires one decaying comet pulse at home instead, on the comet","status":"passed","title":"fires one decaying comet pulse at home instead, on the comet","duration":0.1313000000000102,"failureMessages":[],"meta":{},"tags":[]},{"ancestorTitles":["the joystick"],"fullName":"the joystick moves the home cell where the rests really are","status":"passed","title":"moves the home cell where the rests really are","duration":0.12620000000015352,"failureMessages":[],"meta":{},"tags":[]},{"ancestorTitles":["the joystick"],"fullName":"the joystick springs silently when nothing can show it","status":"passed","title":"springs silently when nothing can show it","duration":0.15029999999978827,"failureMessages":[],"meta":{},"tags":[]},{"ancestorTitles":["the joystick"],"fullName":"the joystick keeps the pulse off the kinds whose picture cannot carry it","status":"passed","title":"keeps the pulse off the kinds whose picture cannot carry it","duration":0.14150000000017826,"failureMessages":[],"meta":{},"tags":[]},{"ancestorTitles":["the joystick"],"fullName":"the joystick tells the DAW the truth about the bend lane","status":"passed","title":"tells the DAW the truth about the bend lane","duration":0.1291999999998552,"failureMessages":[],"meta":{},"tags":[]},{"ancestorTitles":["the joystick"],"fullName":"the joystick keeps a solo to exactly one stream, spring and bend included","status":"passed","title":"keeps a solo to exactly one stream, spring and bend included","duration":0.2955000000001746,"failureMessages":[],"meta":{},"tags":[]},{"ancestorTitles":["the joystick"],"fullName":"the joystick resets what the kind cannot read","status":"passed","title":"resets what the kind cannot read","duration":0.15810000000010405,"failureMessages":[],"meta":{},"tags":[]},{"ancestorTitles":["the joystick"],"fullName":"the joystick prices the spring as its own ledger row","status":"passed","title":"prices the spring as its own ledger row","duration":15.439499999999953,"failureMessages":[],"meta":{},"tags":[]},{"ancestorTitles":["scales and the latch"],"fullName":"scales and the latch bakes the major table with the base note inside","status":"passed","title":"bakes the major table with the base note inside","duration":0.46489999999994325,"failureMessages":[],"meta":{},"tags":[]},{"ancestorTitles":["scales and the latch"],"fullName":"scales and the latch bakes minor and pentatonic from their own degree tables","status":"passed","title":"bakes minor and pentatonic from their own degree tables","duration":0.2510000000002037,"failureMessages":[],"meta":{},"tags":[]},{"ancestorTitles":["scales and the latch"],"fullName":"scales and the latch walks two octaves on the 4x4 grid","status":"passed","title":"walks two octaves on the 4x4 grid","duration":0.22670000000016444,"failureMessages":[],"meta":{},"tags":[]},{"ancestorTitles":["scales and the latch"],"fullName":"scales and the latch clamps the BASE, not the entries, so no two zones share a note","status":"passed","title":"clamps the BASE, not the entries, so no two zones share a note","duration":0.31359999999995125,"failureMessages":[],"meta":{},"tags":[]},{"ancestorTitles":["scales and the latch"],"fullName":"scales and the latch keeps the 9x9 grid chromatic by construction","status":"passed","title":"keeps the 9x9 grid chromatic by construction","duration":0.11859999999978754,"failureMessages":[],"meta":{},"tags":[]},{"ancestorTitles":["scales and the latch"],"fullName":"scales and the latch keeps the watchdog on the scaled momentary card, table included","status":"passed","title":"keeps the watchdog on the scaled momentary card, table included","duration":0.14769999999998618,"failureMessages":[],"meta":{},"tags":[]},{"ancestorTitles":["scales and the latch"],"fullName":"scales and the latch latches on press, fast DOWNUP taps included","status":"passed","title":"latches on press, fast DOWNUP taps included","duration":0.15790000000015425,"failureMessages":[],"meta":{},"tags":[]},{"ancestorTitles":["scales and the latch"],"fullName":"scales and the latch keeps the latched picture lit and drops the watchdog","status":"passed","title":"keeps the latched picture lit and drops the watchdog","duration":0.2240999999999076,"failureMessages":[],"meta":{},"tags":[]},{"ancestorTitles":["scales and the latch"],"fullName":"scales and the latch composes the latch with a scale","status":"passed","title":"composes the latch with a scale","duration":0.15059999999994034,"failureMessages":[],"meta":{},"tags":[]},{"ancestorTitles":["scales and the latch"],"fullName":"scales and the latch tells the Map section the real note range","status":"passed","title":"tells the Map section the real note range","duration":0.11179999999967549,"failureMessages":[],"meta":{},"tags":[]},{"ancestorTitles":["scales and the latch"],"fullName":"scales and the latch prices the scale and the latch as their own ledger rows","status":"passed","title":"prices the scale and the latch as their own ledger rows","duration":11.524099999999635,"failureMessages":[],"meta":{},"tags":[]},{"ancestorTitles":["scales and the latch"],"fullName":"scales and the latch leaves the chromatic momentary card byte-identical","status":"passed","title":"leaves the chromatic momentary card byte-identical","duration":0.2849999999998545,"failureMessages":[],"meta":{},"tags":[]},{"ancestorTitles":["format grafts and corrupted payloads"],"fullName":"format grafts and corrupted payloads no one-character format graft can ever load a DIFFERENT card","status":"passed","title":"no one-character format graft can ever load a DIFFERENT card","duration":26.058700000000044,"failureMessages":[],"meta":{},"tags":[]},{"ancestorTitles":["format grafts and corrupted payloads"],"fullName":"format grafts and corrupted payloads declines a d payload that needs no v4 field, as corruption","status":"passed","title":"declines a d payload that needs no v4 field, as corruption","duration":0.3014000000002852,"failureMessages":[],"meta":{},"tags":[]},{"ancestorTitles":["format grafts and corrupted payloads"],"fullName":"format grafts and corrupted payloads declines a payload whose bend bits read 11","status":"passed","title":"declines a payload whose bend bits read 11","duration":0.49359999999978754,"failureMessages":[],"meta":{},"tags":[]},{"ancestorTitles":["fast taps and the first-finger claim"],"fullName":"fast taps and the first-finger claim claims on the DOWNUP tap, and the park sits outside the gate","status":"passed","title":"claims on the DOWNUP tap, and the park sits outside the gate","duration":0.25520000000005894,"failureMessages":[],"meta":{},"tags":[]},{"ancestorTitles":["fast taps and the first-finger claim"],"fullName":"fast taps and the first-finger claim lets a first-finger latch card take fast taps","status":"passed","title":"lets a first-finger latch card take fast taps","duration":0.1772000000000844,"failureMessages":[],"meta":{},"tags":[]},{"ancestorTitles":["the sixteen dots"],"fullName":"the sixteen dots draws sixteen dots at the odd intersections, gutters dark","status":"passed","title":"draws sixteen dots at the odd intersections, gutters dark","duration":0.2481999999999971,"failureMessages":[],"meta":{},"tags":[]},{"ancestorTitles":["the sixteen dots"],"fullName":"the sixteen dots repaints one LED per pad change instead of sweeping all 81","status":"passed","title":"repaints one LED per pad change instead of sweeping all 81","duration":0.17380000000002838,"failureMessages":[],"meta":{},"tags":[]},{"ancestorTitles":["the sixteen dots"],"fullName":"the sixteen dots keeps the latch dot lit through the same single write","status":"passed","title":"keeps the latch dot lit through the same single write","duration":0.14019999999982247,"failureMessages":[],"meta":{},"tags":[]},{"ancestorTitles":["the sixteen dots"],"fullName":"the sixteen dots inverts the order mapping into the dot address","status":"passed","title":"inverts the order mapping into the dot address","duration":0.20919999999978245,"failureMessages":[],"meta":{},"tags":[]},{"ancestorTitles":["the sixteen dots"],"fullName":"the sixteen dots leaves the 3x3 checkerboard exactly as it was","status":"passed","title":"leaves the 3x3 checkerboard exactly as it was","duration":0.14390000000003056,"failureMessages":[],"meta":{},"tags":[]}],"startTime":1789376075257,"endTime":1789376077843.2483,"status":"passed","message":"","name":"C:/Users/sabot/Documents/Claude/hangar/src/vendor/botor/tests/pad.test.js"}]}